-------------------------------------------------------------------------------
Test set: edu.sc.bse3211.meetingplanner.RoomTest
-------------------------------------------------------------------------------
Tests run: 25, Failures: 1, Errors: 0, Skipped: 0, Time elapsed: 0.055 s <<< FAILURE! - in edu.sc.bse3211.meetingplanner.RoomTest
testAddMeeting_december_shouldSucceed(edu.sc.bse3211.meetingplanner.RoomTest)  Time elapsed: 0.008 s  <<< FAILURE!
java.lang.AssertionError: 
FAULT EXPOSED - December rejected by >= 12 check: Conflict for room LLT6A:
Month does not exist.
	at edu.sc.bse3211.meetingplanner.RoomTest.testAddMeeting_december_shouldSucceed(RoomTest.java:122)

