<?xml version="1.0" encoding="UTF-8"?>
<testsuite xmlns:xsi="http://www.w3.org/2001/XMLSchema-instance" xsi:noNamespaceSchemaLocation="https://maven.apache.org/surefire/maven-surefire-plugin/xsd/surefire-test-report.xsd" name="edu.sc.bse3211.meetingplanner.MeetingTest" time="0.002" tests="14" errors="0" skipped="0" failures="0">
  <properties>
[...]
</properties>
  <testcase name="testFullConstructor_allFieldsSet" classname="edu.sc.bse3211.meetingplanner.MeetingTest" time="0"/>
  <testcase name="testSetEndTime_updatesValue" classname="edu.sc.bse3211.meetingplanner.MeetingTest" time="0"/>
  <testcase name="testToString_containsKeyInfo" classname="edu.sc.bse3211.meetingplanner.MeetingTest" time="0"/>
  <testcase name="testAddMultipleAttendees_correctCount" classname="edu.sc.bse3211.meetingplanner.MeetingTest" time="0"/>
  <testcase name="testSetStartTime_updatesValue" classname="edu.sc.bse3211.meetingplanner.MeetingTest" time="0.001"/>
  <testcase name="testFourArgConstructor_timesSet" classname="edu.sc.bse3211.meetingplanner.MeetingTest" time="0"/>
  <testcase name="testTwoArgConstructor_fullDayBlock" classname="edu.sc.bse3211.meetingplanner.MeetingTest" time="0"/>
  <testcase name="testDefaultConstructor_fieldsAreDefault" classname="edu.sc.bse3211.meetingplanner.MeetingTest" time="0"/>
  <testcase name="testSetDescription_updatesValue" classname="edu.sc.bse3211.meetingplanner.MeetingTest" time="0"/>
  <testcase name="testSetMonth_updatesValue" classname="edu.sc.bse3211.meetingplanner.MeetingTest" time="0"/>
  <testcase name="testSetDay_updatesValue" classname="edu.sc.bse3211.meetingplanner.MeetingTest" time="0"/>
  <testcase name="testThreeArgConstructor_withDescription" classname="edu.sc.bse3211.meetingplanner.MeetingTest" time="0"/>
  <testcase name="testRemoveAttendee_personRemoved" classname="edu.sc.bse3211.meetingplanner.MeetingTest" time="0"/>
  <testcase name="testAddAttendee_personAdded" classname="edu.sc.bse3211.meetingplanner.MeetingTest" time="0"/>
</testsuite>