<?xml version="1.0" encoding="UTF-8"?>
<testsuite xmlns:xsi="http://www.w3.org/2001/XMLSchema-instance" xsi:noNamespaceSchemaLocation="https://maven.apache.org/surefire/maven-surefire-plugin/xsd/surefire-test-report.xsd" name="edu.sc.bse3211.meetingplanner.RoomTest" time="0.055" tests="25" errors="0" skipped="0" failures="1">
  <properties>
[...]
</properties>
  <testcase name="testIsBusy_freshRoom_returnsFalse" classname="edu.sc.bse3211.meetingplanner.RoomTest" time="0.001"/>
  <testcase name="testPrintAgenda_month_returnsNonNullString" classname="edu.sc.bse3211.meetingplanner.RoomTest" time="0"/>
  <testcase name="testIsBusy_afterAddMeeting_returnsTrue" classname="edu.sc.bse3211.meetingplanner.RoomTest" time="0"/>
  <testcase name="testPrintAgenda_emptyDay_containsDateOnly" classname="edu.sc.bse3211.meetingplanner.RoomTest" time="0"/>
  <testcase name="testAddMeeting_twoNonOverlapping_bothAccepted" classname="edu.sc.bse3211.meetingplanner.RoomTest" time="0"/>
  <testcase name="testAddMeeting_fullDayBlock_markedBusy" classname="edu.sc.bse3211.meetingplanner.RoomTest" time="0"/>
  <testcase name="testRemoveMeeting_invalidIndex_exposeFault1" classname="edu.sc.bse3211.meetingplanner.RoomTest" time="0"/>
  <testcase name="testTwoRooms_independentCalendars" classname="edu.sc.bse3211.meetingplanner.RoomTest" time="0.001"/>
  <testcase name="testAddMeeting_startAfterEnd_throwsException" classname="edu.sc.bse3211.meetingplanner.RoomTest" time="0"/>
  <testcase name="testAddMeeting_dayZero_throwsException" classname="edu.sc.bse3211.meetingplanner.RoomTest" time="0.001"/>
  <testcase name="testPrintAgenda_day_containsMeetingDate" classname="edu.sc.bse3211.meetingplanner.RoomTest" time="0"/>
  <testcase name="testAddMeeting_validMeeting_noException" classname="edu.sc.bse3211.meetingplanner.RoomTest" time="0.006"/>
  <testcase name="testNamedConstructor_storesID" classname="edu.sc.bse3211.meetingplanner.RoomTest" time="0.003"/>
  <testcase name="testAddMeeting_december_shouldSucceed" classname="edu.sc.bse3211.meetingplanner.RoomTest" time="0.008">
    <failure message="FAULT EXPOSED - December rejected by &gt;= 12 check: Conflict for room LLT6A:&#10;Month does not exist." type="java.lang.AssertionError">java.lang.AssertionError: 
FAULT EXPOSED - December rejected by >= 12 check: Conflict for room LLT6A:
Month does not exist.
	at edu.sc.bse3211.meetingplanner.RoomTest.testAddMeeting_december_shouldSucceed(RoomTest.java:122)
</failure>
  </testcase>
  <testcase name="testRemoveMeeting_slotFreed" classname="edu.sc.bse3211.meetingplanner.RoomTest" time="0"/>
  <testcase name="testIsBusy_partialOverlap_returnsTrue" classname="edu.sc.bse3211.meetingplanner.RoomTest" time="0.001"/>
  <testcase name="testIsBusy_invalidHour_throwsException" classname="edu.sc.bse3211.meetingplanner.RoomTest" time="0.001"/>
  <testcase name="testAddMeeting_day32_throwsException" classname="edu.sc.bse3211.meetingplanner.RoomTest" time="0"/>
  <testcase name="testGetMeeting_invalidIndex_exposeFault1" classname="edu.sc.bse3211.meetingplanner.RoomTest" time="0.006"/>
  <testcase name="testDefaultConstructor_idIsEmpty" classname="edu.sc.bse3211.meetingplanner.RoomTest" time="0"/>
  <testcase name="testAddMeeting_monthZero_throwsException" classname="edu.sc.bse3211.meetingplanner.RoomTest" time="0.001"/>
  <testcase name="testAddMeeting_overlap_throwsWithRoomID" classname="edu.sc.bse3211.meetingplanner.RoomTest" time="0.001"/>
  <testcase name="testAddMeeting_thenGetMeeting_correctDetails" classname="edu.sc.bse3211.meetingplanner.RoomTest" time="0.001"/>
  <testcase name="testAddMeeting_differentDays_noConflict" classname="edu.sc.bse3211.meetingplanner.RoomTest" time="0"/>
  <testcase name="testIsBusy_outsideBookedSlot_returnsFalse" classname="edu.sc.bse3211.meetingplanner.RoomTest" time="0"/>
</testsuite>